0 info it worked if it ends with ok
1 verbose cli [ 'C:\\Program Files\\nodejs\\node.exe',
1 verbose cli   'C:\\Program Files\\nodejs\\node_modules\\npm\\bin\\npm-cli.js',
1 verbose cli   'start' ]
2 info using npm@4.0.5
3 info using node@v7.4.0
4 verbose run-script [ 'prestart', 'start', 'poststart' ]
5 info lifecycle authenticationapp@1.0.0~prestart: authenticationapp@1.0.0
6 silly lifecycle authenticationapp@1.0.0~prestart: no script for prestart, continuing
7 info lifecycle authenticationapp@1.0.0~start: authenticationapp@1.0.0
8 verbose lifecycle authenticationapp@1.0.0~start: unsafe-perm in lifecycle true
9 verbose lifecycle authenticationapp@1.0.0~start: PATH: C:\Program Files\nodejs\node_modules\npm\bin\node-gyp-bin;C:\Users\awais\Desktop\Projects\Authentication\node_modules\.bin;C:\Users\awais\bin;C:\Program Files\Git\mingw64\bin;C:\Program Files\Git\usr\local\bin;C:\Program Files\Git\usr\bin;C:\Program Files\Git\usr\bin;C:\Program Files\Git\cmd;C:\Users\awais\AppData\Local\Temp\Rar$EXa0.100\ConEmu\Scripts;C:\Users\awais\AppData\Local\Temp\Rar$EXa0.100;C:\Users\awais\AppData\Local\Temp\Rar$EXa0.100\ConEmu;C:\Program Files\WinRAR;C:\ProgramData\Oracle\Java\javapath;C:\Program Files (x86)\Intel\iCLS Client;C:\Program Files\Intel\iCLS Client;C:\WINDOWS\system32;C:\WINDOWS;C:\WINDOWS\System32\Wbem;C:\WINDOWS\System32\WindowsPowerShell\v1.0;C:\Program Files\Intel\Intel(R) Management Engine Components\DAL;C:\Program Files\Intel\Intel(R) Management Engine Components\IPT;C:\Program Files (x86)\Intel\Intel(R) Management Engine Components\DAL;C:\Program Files (x86)\Intel\Intel(R) Management Engine Components\IPT;C:\Program Files (x86)\Intel\OpenCL SDK\3.0\bin\x86;C:\Program Files (x86)\Intel\OpenCL SDK\3.0\bin\x64;C:\WINDOWS\system32;C:\WINDOWS;C:\WINDOWS\System32\Wbem;C:\WINDOWS\System32\WindowsPowerShell\v1.0;C:\Program Files (x86)\Skype\Phone;C:\Program Files (x86)\NVIDIA Corporation\PhysX\Common;C:\Program Files (x86)\Brackets\command;C:\Program Files\Git\cmd;C:\WINDOWS\system32\config\systemprofile\.dnx\bin;C:\Program Files\Microsoft DNX\Dnvm;C:\Program Files\Microsoft SQL Server\130\Tools\Binn;C:\Program Files\nodejs;C:\Program Files\Java\jdk1.8.0_60\bin;C:\Users\awais\AppData\Local\atom\bin;C:\Users\awais\AppData\Roaming\npm;C:\Program Files\Git\usr\bin\vendor_perl;C:\Program Files\Git\usr\bin\core_perl
10 verbose lifecycle authenticationapp@1.0.0~start: CWD: C:\Users\awais\Desktop\Projects\Authentication
11 silly lifecycle authenticationapp@1.0.0~start: Args: [ '/d /s /c', 'node app' ]
12 silly lifecycle authenticationapp@1.0.0~start: Returned: code: 1  signal: null
13 info lifecycle authenticationapp@1.0.0~start: Failed to exec start script
14 verbose stack Error: authenticationapp@1.0.0 start: `node app`
14 verbose stack Exit status 1
14 verbose stack     at EventEmitter.<anonymous> (C:\Program Files\nodejs\node_modules\npm\lib\utils\lifecycle.js:279:16)
14 verbose stack     at emitTwo (events.js:106:13)
14 verbose stack     at EventEmitter.emit (events.js:191:7)
14 verbose stack     at ChildProcess.<anonymous> (C:\Program Files\nodejs\node_modules\npm\lib\utils\spawn.js:40:14)
14 verbose stack     at emitTwo (events.js:106:13)
14 verbose stack     at ChildProcess.emit (events.js:191:7)
14 verbose stack     at maybeClose (internal/child_process.js:885:16)
14 verbose stack     at Process.ChildProcess._handle.onexit (internal/child_process.js:226:5)
15 verbose pkgid authenticationapp@1.0.0
16 verbose cwd C:\Users\awais\Desktop\Projects\Authentication
17 error Windows_NT 6.3.9600
18 error argv "C:\\Program Files\\nodejs\\node.exe" "C:\\Program Files\\nodejs\\node_modules\\npm\\bin\\npm-cli.js" "start"
19 error node v7.4.0
20 error npm  v4.0.5
21 error code ELIFECYCLE
22 error authenticationapp@1.0.0 start: `node app`
22 error Exit status 1
23 error Failed at the authenticationapp@1.0.0 start script 'node app'.
23 error Make sure you have the latest version of node.js and npm installed.
23 error If you do, this is most likely a problem with the authenticationapp package,
23 error not with npm itself.
23 error Tell the author that this fails on your system:
23 error     node app
23 error You can get information on how to open an issue for this project with:
23 error     npm bugs authenticationapp
23 error Or if that isn't available, you can get their info via:
23 error     npm owner ls authenticationapp
23 error There is likely additional logging output above.
24 verbose exit [ 1, true ]
